<?xml version="1.0" encoding="UTF-8"?>
<testng-results ignored="0" total="1" passed="1" failed="0" skipped="0">
  <reporter-output>
    <line>
      <![CDATA[Step 1]]>
    </line>
    <line>
      <![CDATA[Step 2]]>
    </line>
    <line>
      <![CDATA[Step 3]]>
    </line>
    <line>
      <![CDATA[Step 4]]>
    </line>
  </reporter-output>
  <suite started-at="2022-05-18T20:37:09 IST" name="Default suite" finished-at="2022-05-18T20:37:09 IST" duration-ms="133">
    <groups>
    </groups>
    <test started-at="2022-05-18T20:37:09 IST" name="Default test" finished-at="2022-05-18T20:37:09 IST" duration-ms="133">
      <class name="SeleniumProject.Funtionality.SoftAsssertDemo">
        <test-method signature="testGoogle()[pri:0, instance:SeleniumProject.Funtionality.SoftAsssertDemo@194bcebf]" started-at="2022-05-18T20:37:09 IST" name="testGoogle" finished-at="2022-05-18T20:37:09 IST" duration-ms="50" status="PASS">
          <reporter-output>
            <line>
              <![CDATA[Step 1]]>
            </line>
            <line>
              <![CDATA[Step 2]]>
            </line>
            <line>
              <![CDATA[Step 3]]>
            </line>
            <line>
              <![CDATA[Step 4]]>
            </line>
          </reporter-output>
        </test-method> <!-- testGoogle -->
      </class> <!-- SeleniumProject.Funtionality.SoftAsssertDemo -->
    </test> <!-- Default test -->
  </suite> <!-- Default suite -->
</testng-results>
