<?xml version="1.0" encoding="UTF-8"?>
<testng-results ignored="0" total="1" passed="1" failed="0" skipped="0">
  <reporter-output>
  </reporter-output>
  <suite started-at="2022-05-17T20:53:21 IST" name="Default suite" finished-at="2022-05-17T20:53:21 IST" duration-ms="116">
    <groups>
    </groups>
    <test started-at="2022-05-17T20:53:21 IST" name="Default test" finished-at="2022-05-17T20:53:21 IST" duration-ms="116">
      <class name="SeleniumProject.Funtionality.ExeFileExecution">
        <test-method signature="ExeFile()[pri:0, instance:SeleniumProject.Funtionality.ExeFileExecution@194bcebf]" started-at="2022-05-17T20:53:21 IST" name="ExeFile" finished-at="2022-05-17T20:53:21 IST" duration-ms="69" status="PASS">
          <reporter-output>
          </reporter-output>
        </test-method> <!-- ExeFile -->
      </class> <!-- SeleniumProject.Funtionality.ExeFileExecution -->
    </test> <!-- Default test -->
  </suite> <!-- Default suite -->
</testng-results>
